0 info it worked if it ends with ok
1 verbose cli [ '/Users/bsidelinger/.nvm/versions/node/v7.4.0/bin/node',
1 verbose cli   '/Users/bsidelinger/.nvm/versions/node/v7.4.0/bin/npm',
1 verbose cli   'run',
1 verbose cli   'dev' ]
2 info using npm@4.0.5
3 info using node@v7.4.0
4 verbose run-script [ 'predev', 'dev', 'postdev' ]
5 info lifecycle tay@1.0.0~predev: tay@1.0.0
6 silly lifecycle tay@1.0.0~predev: no script for predev, continuing
7 info lifecycle tay@1.0.0~dev: tay@1.0.0
8 verbose lifecycle tay@1.0.0~dev: unsafe-perm in lifecycle true
9 verbose lifecycle tay@1.0.0~dev: PATH: /Users/bsidelinger/.nvm/versions/node/v7.4.0/lib/node_modules/npm/bin/node-gyp-bin:/Users/bsidelinger/git/tay/node_modules/.bin:/Users/bsidelinger/.nvm/versions/node/v7.4.0/bin:/usr/local/bin:/usr/bin:/bin:/usr/sbin:/sbin
10 verbose lifecycle tay@1.0.0~dev: CWD: /Users/bsidelinger/git/tay
11 silly lifecycle tay@1.0.0~dev: Args: [ '-c',
11 silly lifecycle   'webpack-dev-server --config webpack.config.js --hot --inline --content-base dist' ]
12 silly lifecycle tay@1.0.0~dev: Returned: code: 1  signal: null
13 info lifecycle tay@1.0.0~dev: Failed to exec dev script
14 verbose stack Error: tay@1.0.0 dev: `webpack-dev-server --config webpack.config.js --hot --inline --content-base dist`
14 verbose stack Exit status 1
14 verbose stack     at EventEmitter.<anonymous> (/Users/bsidelinger/.nvm/versions/node/v7.4.0/lib/node_modules/npm/lib/utils/lifecycle.js:279:16)
14 verbose stack     at emitTwo (events.js:106:13)
14 verbose stack     at EventEmitter.emit (events.js:191:7)
14 verbose stack     at ChildProcess.<anonymous> (/Users/bsidelinger/.nvm/versions/node/v7.4.0/lib/node_modules/npm/lib/utils/spawn.js:40:14)
14 verbose stack     at emitTwo (events.js:106:13)
14 verbose stack     at ChildProcess.emit (events.js:191:7)
14 verbose stack     at maybeClose (internal/child_process.js:885:16)
14 verbose stack     at Process.ChildProcess._handle.onexit (internal/child_process.js:226:5)
15 verbose pkgid tay@1.0.0
16 verbose cwd /Users/bsidelinger/git/tay
17 error Darwin 15.5.0
18 error argv "/Users/bsidelinger/.nvm/versions/node/v7.4.0/bin/node" "/Users/bsidelinger/.nvm/versions/node/v7.4.0/bin/npm" "run" "dev"
19 error node v7.4.0
20 error npm  v4.0.5
21 error code ELIFECYCLE
22 error tay@1.0.0 dev: `webpack-dev-server --config webpack.config.js --hot --inline --content-base dist`
22 error Exit status 1
23 error Failed at the tay@1.0.0 dev script 'webpack-dev-server --config webpack.config.js --hot --inline --content-base dist'.
23 error Make sure you have the latest version of node.js and npm installed.
23 error If you do, this is most likely a problem with the tay package,
23 error not with npm itself.
23 error Tell the author that this fails on your system:
23 error     webpack-dev-server --config webpack.config.js --hot --inline --content-base dist
23 error You can get information on how to open an issue for this project with:
23 error     npm bugs tay
23 error Or if that isn't available, you can get their info via:
23 error     npm owner ls tay
23 error There is likely additional logging output above.
24 verbose exit [ 1, true ]
